\BOOKMARK [0][-]{chapter*.1}{\376\377\000L\000I\000S\000T\000\040\000O\000F\000\040\000P\000U\000B\000L\000I\000C\000A\000T\000I\000O\000N\000S}{}% 1
\BOOKMARK [0][-]{chapter*.2}{\376\377\000A\000B\000S\000T\000R\000A\000C\000T}{}% 2
\BOOKMARK [0][-]{chapter*.3}{\376\377\000I\000N\000T\000R\000O\000D\000U\000C\000T\000I\000O\000N}{}% 3
\BOOKMARK [1][-]{section*.4}{\376\377\000M\000o\000t\000i\000v\000a\000t\000i\000o\000n}{chapter*.3}% 4
\BOOKMARK [1][-]{section*.4}{\376\377\000R\000e\000s\000e\000a\000r\000c\000h\000\040\000Q\000u\000e\000s\000t\000i\000o\000n\000s}{chapter*.3}% 5
\BOOKMARK [2][-]{section*.5}{\376\377\000C\000o\000n\000t\000r\000i\000b\000u\000t\000i\000o\000n\000s}{section*.4}% 6
\BOOKMARK [0][-]{chapter.1}{\376\377\000T\000H\000E\000O\000R\000E\000T\000I\000C\000A\000L\000\040\000F\000O\000U\000N\000D\000A\000T\000I\000O\000N\000S}{}% 7
\BOOKMARK [1][-]{section.1.1}{\376\377\000H\000i\000s\000t\000o\000r\000i\000c\000a\000l\000\040\000C\000o\000n\000t\000e\000x\000t}{chapter.1}% 8
\BOOKMARK [1][-]{section.1.2}{\376\377\000C\000u\000r\000r\000e\000n\000t\000\040\000T\000r\000e\000n\000d\000s}{chapter.1}% 9
\BOOKMARK [1][-]{section.1.3}{\376\377\000S\000u\000m\000m\000a\000r\000y\000\040\000o\000f\000\040\000t\000h\000e\000\040\000S\000t\000a\000t\000e\000\040\000o\000f\000\040\000t\000h\000e\000\040\000A\000r\000t}{chapter.1}% 10
\BOOKMARK [0][-]{chapter.2}{\376\377\000S\000T\000U\000D\000I\000E\000S}{}% 11
\BOOKMARK [1][-]{section.2.1}{\376\377\000M\000e\000t\000h\000o\000d\000o\000l\000o\000g\000y}{chapter.2}% 12
\BOOKMARK [1][-]{section.2.2}{\376\377\000F\000i\000r\000s\000t\000\040\000S\000t\000u\000d\000y}{chapter.2}% 13
\BOOKMARK [1][-]{section.2.3}{\376\377\000S\000e\000c\000o\000n\000d\000\040\000S\000t\000u\000d\000y}{chapter.2}% 14
\BOOKMARK [0][-]{chapter*.8}{\376\377\000C\000O\000N\000C\000L\000U\000S\000I\000O\000N}{}% 15
\BOOKMARK [1][-]{section.2.4}{\376\377\000S\000u\000m\000m\000a\000r\000y\000\040\000o\000f\000\040\000F\000i\000n\000d\000i\000n\000g\000s}{chapter*.8}% 16
\BOOKMARK [1][-]{section.2.5}{\376\377\000L\000i\000m\000i\000t\000a\000t\000i\000o\000n\000s}{chapter*.8}% 17
\BOOKMARK [1][-]{section.2.6}{\376\377\000F\000u\000t\000u\000r\000e\000\040\000W\000o\000r\000k}{chapter*.8}% 18
\BOOKMARK [0][-]{chapter*.9}{\376\377\000R\000E\000F\000E\000R\000E\000N\000C\000E\000S}{}% 19
\BOOKMARK [0][-]{appendix*.10}{\376\377\000P\000U\000B\000L\000I\000C\000A\000T\000I\000O\000N\000S}{}% 20
\BOOKMARK [0][-]{appendix*.11}{\376\377\000C\000U\000R\000R\000I\000C\000U\000L\000U\000M\000\040\000V\000I\000T\000A\000E}{}% 21
